<?xml version="1.0" encoding="UTF-8"?>
<testsuite name="se.callista.microservises.support.discovery.ApplicationTests" tests="2" skipped="2" failures="0" errors="0" timestamp="2016-09-14T16:55:58" hostname="UKLONML29A2FF" time="0.0">
  <properties/>
  <testcase name="catalogLoads" classname="se.callista.microservises.support.discovery.ApplicationTests" time="0.0">
    <skipped/>
  </testcase>
  <testcase name="adminLoads" classname="se.callista.microservises.support.discovery.ApplicationTests" time="0.0">
    <skipped/>
  </testcase>
  <system-out><![CDATA[17:55:58.432 [Test worker] DEBUG o.s.t.c.j.SpringJUnit4ClassRunner - SpringJUnit4ClassRunner constructor called with [class se.callista.microservises.support.discovery.ApplicationTests].
17:55:58.446 [Test worker] DEBUG o.s.test.context.BootstrapUtils - Instantiating TestContextBootstrapper from class [org.springframework.test.context.web.WebTestContextBootstrapper]
17:55:58.459 [Test worker] DEBUG o.s.t.c.w.WebTestContextBootstrapper - Found explicit ContextLoader class [org.springframework.boot.test.SpringApplicationContextLoader] for context configuration attributes [ContextConfigurationAttributes@d0a0d12 declaringClass = 'se.callista.microservises.support.discovery.ApplicationTests', classes = '{class se.callista.microservises.support.discovery.EurekaApplication}', locations = '{}', inheritLocations = true, initializers = '{}', inheritInitializers = true, name = [null], contextLoaderClass = 'org.springframework.boot.test.SpringApplicationContextLoader']
17:55:58.464 [Test worker] DEBUG o.s.t.c.support.ActiveProfilesUtils - Could not find an 'annotation declaring class' for annotation type [org.springframework.test.context.ActiveProfiles] and class [se.callista.microservises.support.discovery.ApplicationTests]
17:55:58.468 [Test worker] INFO  o.s.t.c.w.WebTestContextBootstrapper - Could not instantiate TestExecutionListener [org.springframework.test.context.transaction.TransactionalTestExecutionListener]. Specify custom listener classes or make the default listener classes (and their required dependencies) available. Offending class: [org/springframework/transaction/interceptor/TransactionAttributeSource]
17:55:58.469 [Test worker] INFO  o.s.t.c.w.WebTestContextBootstrapper - Could not instantiate TestExecutionListener [org.springframework.test.context.jdbc.SqlScriptsTestExecutionListener]. Specify custom listener classes or make the default listener classes (and their required dependencies) available. Offending class: [org/springframework/transaction/interceptor/TransactionAttribute]
17:55:58.469 [Test worker] INFO  o.s.t.c.w.WebTestContextBootstrapper - Using TestExecutionListeners: [org.springframework.boot.test.IntegrationTestPropertiesListener@1b4b9485, org.springframework.test.context.support.DependencyInjectionTestExecutionListener@790be519, org.springframework.test.context.support.DirtiesContextTestExecutionListener@2655d51b]
17:55:58.471 [Test worker] DEBUG o.s.t.annotation.ProfileValueUtils - Retrieved @ProfileValueSourceConfiguration [null] for test class [se.callista.microservises.support.discovery.ApplicationTests]
17:55:58.471 [Test worker] DEBUG o.s.t.annotation.ProfileValueUtils - Retrieved ProfileValueSource type [class org.springframework.test.annotation.SystemProfileValueSource] for class [se.callista.microservises.support.discovery.ApplicationTests]
]]></system-out>
  <system-err><![CDATA[]]></system-err>
</testsuite>
