<?xml version="1.0" encoding="UTF-8"?>
<testsuite name="se.callista.microservises.support.discovery.ApplicationTests" tests="2" skipped="2" failures="0" errors="0" timestamp="2016-09-23T14:03:10" hostname="UKLONML29A2FF" time="0.001">
  <properties/>
  <testcase name="catalogLoads" classname="se.callista.microservises.support.discovery.ApplicationTests" time="0.0">
    <skipped/>
  </testcase>
  <testcase name="adminLoads" classname="se.callista.microservises.support.discovery.ApplicationTests" time="0.0">
    <skipped/>
  </testcase>
  <system-out><![CDATA[15:03:09.963 [Test worker] DEBUG o.s.t.c.j.SpringJUnit4ClassRunner - SpringJUnit4ClassRunner constructor called with [class se.callista.microservises.support.discovery.ApplicationTests].
15:03:09.986 [Test worker] DEBUG o.s.test.context.BootstrapUtils - Instantiating TestContextBootstrapper from class [org.springframework.test.context.web.WebTestContextBootstrapper]
15:03:10.008 [Test worker] DEBUG o.s.t.c.w.WebTestContextBootstrapper - Found explicit ContextLoader class [org.springframework.boot.test.SpringApplicationContextLoader] for context configuration attributes [ContextConfigurationAttributes@d0a0d12 declaringClass = 'se.callista.microservises.support.discovery.ApplicationTests', classes = '{class se.callista.microservises.support.discovery.EurekaApplication}', locations = '{}', inheritLocations = true, initializers = '{}', inheritInitializers = true, name = [null], contextLoaderClass = 'org.springframework.boot.test.SpringApplicationContextLoader']
15:03:10.015 [Test worker] DEBUG o.s.t.c.support.ActiveProfilesUtils - Could not find an 'annotation declaring class' for annotation type [org.springframework.test.context.ActiveProfiles] and class [se.callista.microservises.support.discovery.ApplicationTests]
15:03:10.023 [Test worker] INFO  o.s.t.c.w.WebTestContextBootstrapper - Could not instantiate TestExecutionListener [org.springframework.test.context.transaction.TransactionalTestExecutionListener]. Specify custom listener classes or make the default listener classes (and their required dependencies) available. Offending class: [org/springframework/transaction/interceptor/TransactionAttributeSource]
15:03:10.024 [Test worker] INFO  o.s.t.c.w.WebTestContextBootstrapper - Could not instantiate TestExecutionListener [org.springframework.test.context.jdbc.SqlScriptsTestExecutionListener]. Specify custom listener classes or make the default listener classes (and their required dependencies) available. Offending class: [org/springframework/transaction/interceptor/TransactionAttribute]
15:03:10.025 [Test worker] INFO  o.s.t.c.w.WebTestContextBootstrapper - Using TestExecutionListeners: [org.springframework.boot.test.IntegrationTestPropertiesListener@1b4b9485, org.springframework.test.context.support.DependencyInjectionTestExecutionListener@790be519, org.springframework.test.context.support.DirtiesContextTestExecutionListener@2655d51b]
15:03:10.027 [Test worker] DEBUG o.s.t.annotation.ProfileValueUtils - Retrieved @ProfileValueSourceConfiguration [null] for test class [se.callista.microservises.support.discovery.ApplicationTests]
15:03:10.028 [Test worker] DEBUG o.s.t.annotation.ProfileValueUtils - Retrieved ProfileValueSource type [class org.springframework.test.annotation.SystemProfileValueSource] for class [se.callista.microservises.support.discovery.ApplicationTests]
]]></system-out>
  <system-err><![CDATA[]]></system-err>
</testsuite>
