<?xml version="1.0" encoding="UTF-8"?>
<testsuite name="se.callista.microservices.composite.product.ProductCompositeServiceApplicationTests" tests="1" skipped="0" failures="0" errors="0" timestamp="2016-09-15T13:14:50" hostname="UKLONML29A2FF" time="0.002">
  <properties/>
  <testcase name="contextLoads" classname="se.callista.microservices.composite.product.ProductCompositeServiceApplicationTests" time="0.002"/>
  <system-out><![CDATA[14:14:46.123 [Test worker] DEBUG o.s.t.c.j.SpringJUnit4ClassRunner - SpringJUnit4ClassRunner constructor called with [class se.callista.microservices.composite.product.ProductCompositeServiceApplicationTests].
14:14:46.129 [Test worker] DEBUG o.s.test.context.BootstrapUtils - Instantiating TestContextBootstrapper from class [org.springframework.test.context.web.WebTestContextBootstrapper]
14:14:46.143 [Test worker] DEBUG o.s.t.c.w.WebTestContextBootstrapper - Found explicit ContextLoader class [org.springframework.boot.test.SpringApplicationContextLoader] for context configuration attributes [ContextConfigurationAttributes@18723393 declaringClass = 'se.callista.microservices.composite.product.ProductCompositeServiceApplicationTests', classes = '{class se.callista.microservices.composite.product.ProductCompositeServiceApplication}', locations = '{}', inheritLocations = true, initializers = '{}', inheritInitializers = true, name = [null], contextLoaderClass = 'org.springframework.boot.test.SpringApplicationContextLoader']
14:14:46.147 [Test worker] DEBUG o.s.t.c.support.ActiveProfilesUtils - Could not find an 'annotation declaring class' for annotation type [org.springframework.test.context.ActiveProfiles] and class [se.callista.microservices.composite.product.ProductCompositeServiceApplicationTests]
14:14:46.150 [Test worker] DEBUG o.s.t.c.w.WebTestContextBootstrapper - @TestExecutionListeners is not present for class [se.callista.microservices.composite.product.ProductCompositeServiceApplicationTests]: using defaults.
14:14:46.159 [Test worker] INFO  o.s.t.c.w.WebTestContextBootstrapper - Loaded default TestExecutionListener class names from location [META-INF/spring.factories]: [org.springframework.test.context.web.ServletTestExecutionListener, org.springframework.test.context.support.DependencyInjectionTestExecutionListener, org.springframework.test.context.support.DirtiesContextTestExecutionListener, org.springframework.test.context.transaction.TransactionalTestExecutionListener, org.springframework.test.context.jdbc.SqlScriptsTestExecutionListener]
14:14:46.182 [Test worker] INFO  o.s.t.c.w.WebTestContextBootstrapper - Using TestExecutionListeners: [org.springframework.test.context.web.ServletTestExecutionListener@7982aed, org.springframework.test.context.support.DependencyInjectionTestExecutionListener@4220c084, org.springframework.test.context.support.DirtiesContextTestExecutionListener@716ae064, org.springframework.test.context.transaction.TransactionalTestExecutionListener@37e259b5, org.springframework.test.context.jdbc.SqlScriptsTestExecutionListener@716bd2e6]
14:14:46.184 [Test worker] DEBUG o.s.t.annotation.ProfileValueUtils - Retrieved @ProfileValueSourceConfiguration [null] for test class [se.callista.microservices.composite.product.ProductCompositeServiceApplicationTests]
14:14:46.185 [Test worker] DEBUG o.s.t.annotation.ProfileValueUtils - Retrieved ProfileValueSource type [class org.springframework.test.annotation.SystemProfileValueSource] for class [se.callista.microservices.composite.product.ProductCompositeServiceApplicationTests]
14:14:46.186 [Test worker] DEBUG o.s.t.annotation.ProfileValueUtils - Retrieved @ProfileValueSourceConfiguration [null] for test class [se.callista.microservices.composite.product.ProductCompositeServiceApplicationTests]
14:14:46.187 [Test worker] DEBUG o.s.t.annotation.ProfileValueUtils - Retrieved ProfileValueSource type [class org.springframework.test.annotation.SystemProfileValueSource] for class [se.callista.microservices.composite.product.ProductCompositeServiceApplicationTests]
14:14:46.187 [Test worker] DEBUG o.s.t.annotation.ProfileValueUtils - Retrieved @ProfileValueSourceConfiguration [null] for test class [se.callista.microservices.composite.product.ProductCompositeServiceApplicationTests]
14:14:46.187 [Test worker] DEBUG o.s.t.annotation.ProfileValueUtils - Retrieved ProfileValueSource type [class org.springframework.test.annotation.SystemProfileValueSource] for class [se.callista.microservices.composite.product.ProductCompositeServiceApplicationTests]
14:14:46.188 [Test worker] DEBUG o.s.t.annotation.ProfileValueUtils - Retrieved @ProfileValueSourceConfiguration [null] for test class [se.callista.microservices.composite.product.ProductCompositeServiceApplicationTests]
14:14:46.189 [Test worker] DEBUG o.s.t.annotation.ProfileValueUtils - Retrieved ProfileValueSource type [class org.springframework.test.annotation.SystemProfileValueSource] for class [se.callista.microservices.composite.product.ProductCompositeServiceApplicationTests]
14:14:46.240 [Test worker] DEBUG o.s.core.env.StandardEnvironment - Adding [systemProperties] PropertySource with lowest search precedence
14:14:46.242 [Test worker] DEBUG o.s.core.env.StandardEnvironment - Adding [systemEnvironment] PropertySource with lowest search precedence
14:14:46.242 [Test worker] DEBUG o.s.core.env.StandardEnvironment - Initialized StandardEnvironment with PropertySources [systemProperties,systemEnvironment]
14:14:46.243 [Test worker] DEBUG o.s.core.env.StandardEnvironment - Adding [integrationTest] PropertySource with search precedence immediately lower than [systemEnvironment]
2016-09-15 14:14:46.471  INFO 3496 --- [    Test worker] o.s.boot.SpringApplication               : Starting application on UKLONML29A2FF with PID 3496 (/Users/dasbapp/.gradle/caches/modules-2/files-2.1/org.springframework.boot/spring-boot/1.2.2.RELEASE/c2495d6c08c742743366f50e25ad76f5dfcd9f75/spring-boot-1.2.2.RELEASE.jar started by dasbapp in /Users/dasbapp/.jenkins/workspace/jenkinsdemo2/microservices/composite/product-composite-service)
2016-09-15 14:14:46.519  INFO 3496 --- [    Test worker] s.c.a.AnnotationConfigApplicationContext : Refreshing org.springframework.context.annotation.AnnotationConfigApplicationContext@6f6fdc70: startup date [Thu Sep 15 14:14:46 BST 2016]; root of context hierarchy
2016-09-15 14:14:46.638  INFO 3496 --- [    Test worker] f.a.AutowiredAnnotationBeanPostProcessor : JSR-330 'javax.inject.Inject' annotation found and supported for autowiring
2016-09-15 14:14:46.810  INFO 3496 --- [    Test worker] o.s.boot.SpringApplication               : Started application in 0.522 seconds (JVM running for 1.392)

  .   ____          _            __ _ _
 /\\ / ___'_ __ _ _(_)_ __  __ _ \ \ \ \
( ( )\___ | '_ | '_| | '_ \/ _` | \ \ \ \
 \\/  ___)| |_)| | | | | || (_| |  ) ) ) )
  '  |____| .__|_| |_|_| |_\__, | / / / /
 =========|_|==============|___/=/_/_/_/
 :: Spring Boot ::        (v1.2.2.RELEASE)

2016-09-15 14:14:47.153 ERROR 3496 --- [    Test worker] c.c.c.ConfigServicePropertySourceLocator : Could not locate PropertySource: I/O error on GET request for "http://localhost:8888/productcomposite/default/master":Connection refused; nested exception is java.net.ConnectException: Connection refused
2016-09-15 14:14:47.160  INFO 3496 --- [    Test worker] o.s.w.c.s.GenericWebApplicationContext   : Refreshing org.springframework.web.context.support.GenericWebApplicationContext@421fd65f: startup date [Thu Sep 15 14:14:47 BST 2016]; parent: org.springframework.context.annotation.AnnotationConfigApplicationContext@6f6fdc70
2016-09-15 14:14:47.672  INFO 3496 --- [    Test worker] o.s.b.f.s.DefaultListableBeanFactory     : Overriding bean definition for bean 'beanNameViewResolver': replacing [Root bean: class [null]; scope=; abstract=false; lazyInit=false; autowireMode=3; dependencyCheck=0; autowireCandidate=true; primary=false; factoryBeanName=org.springframework.boot.autoconfigure.web.ErrorMvcAutoConfiguration$WhitelabelErrorViewConfiguration; factoryMethodName=beanNameViewResolver; initMethodName=null; destroyMethodName=(inferred); defined in class path resource [org/springframework/boot/autoconfigure/web/ErrorMvcAutoConfiguration$WhitelabelErrorViewConfiguration.class]] with [Root bean: class [null]; scope=; abstract=false; lazyInit=false; autowireMode=3; dependencyCheck=0; autowireCandidate=true; primary=false; factoryBeanName=org.springframework.boot.autoconfigure.web.WebMvcAutoConfiguration$WebMvcAutoConfigurationAdapter; factoryMethodName=beanNameViewResolver; initMethodName=null; destroyMethodName=(inferred); defined in class path resource [org/springframework/boot/autoconfigure/web/WebMvcAutoConfiguration$WebMvcAutoConfigurationAdapter.class]]
2016-09-15 14:14:47.726  INFO 3496 --- [    Test worker] o.s.b.f.config.PropertiesFactoryBean     : Loading properties file from URL [jar:file:/Users/dasbapp/.gradle/caches/modules-2/files-2.1/org.springframework.integration/spring-integration-core/4.1.2.RELEASE/e8af369aeee0c788ee6a7109665d4f46cc1332ea/spring-integration-core-4.1.2.RELEASE.jar!/META-INF/spring.integration.default.properties]
2016-09-15 14:14:47.729  INFO 3496 --- [    Test worker] o.s.i.config.IntegrationRegistrar        : No bean named 'integrationHeaderChannelRegistry' has been explicitly defined. Therefore, a default DefaultHeaderChannelRegistry will be created.
2016-09-15 14:14:47.741  INFO 3496 --- [    Test worker] o.s.b.f.s.DefaultListableBeanFactory     : Overriding bean definition for bean 'infoEndpoint': replacing [Root bean: class [null]; scope=; abstract=false; lazyInit=false; autowireMode=3; dependencyCheck=0; autowireCandidate=true; primary=false; factoryBeanName=org.springframework.boot.actuate.autoconfigure.EndpointAutoConfiguration; factoryMethodName=infoEndpoint; initMethodName=null; destroyMethodName=(inferred); defined in class path resource [org/springframework/boot/actuate/autoconfigure/EndpointAutoConfiguration.class]] with [Root bean: class [null]; scope=; abstract=false; lazyInit=false; autowireMode=3; dependencyCheck=0; autowireCandidate=true; primary=false; factoryBeanName=org.springframework.cloud.autoconfigure.RefreshAutoConfiguration$InfoEndpointRebinderConfiguration; factoryMethodName=infoEndpoint; initMethodName=null; destroyMethodName=(inferred); defined in class path resource [org/springframework/cloud/autoconfigure/RefreshAutoConfiguration$InfoEndpointRebinderConfiguration.class]]
2016-09-15 14:14:47.784  INFO 3496 --- [    Test worker] o.s.b.f.s.DefaultListableBeanFactory     : Overriding bean definition for bean 'default.null.RibbonClientSpecification': replacing [Generic bean: class [org.springframework.cloud.netflix.ribbon.RibbonClientSpecification]; scope=; abstract=false; lazyInit=false; autowireMode=0; dependencyCheck=0; autowireCandidate=true; primary=false; factoryBeanName=null; factoryMethodName=null; initMethodName=null; destroyMethodName=null] with [Generic bean: class [org.springframework.cloud.netflix.ribbon.RibbonClientSpecification]; scope=; abstract=false; lazyInit=false; autowireMode=0; dependencyCheck=0; autowireCandidate=true; primary=false; factoryBeanName=null; factoryMethodName=null; initMethodName=null; destroyMethodName=null]
2016-09-15 14:14:47.931  INFO 3496 --- [    Test worker] faultConfiguringBeanFactoryPostProcessor : No bean named 'errorChannel' has been explicitly defined. Therefore, a default PublishSubscribeChannel will be created.
2016-09-15 14:14:47.933  INFO 3496 --- [    Test worker] faultConfiguringBeanFactoryPostProcessor : No bean named 'taskScheduler' has been explicitly defined. Therefore, a default ThreadPoolTaskScheduler will be created.
2016-09-15 14:14:47.938  INFO 3496 --- [    Test worker] o.s.cloud.context.scope.GenericScope     : BeanFactory id=68ead65f-4735-39f8-b84c-1e736224742d
2016-09-15 14:14:47.942  INFO 3496 --- [    Test worker] f.a.AutowiredAnnotationBeanPostProcessor : JSR-330 'javax.inject.Inject' annotation found and supported for autowiring
2016-09-15 14:14:47.953  INFO 3496 --- [    Test worker] trationDelegate$BeanPostProcessorChecker : Bean 'org.springframework.amqp.rabbit.annotation.RabbitBootstrapConfiguration' of type [class org.springframework.amqp.rabbit.annotation.RabbitBootstrapConfiguration$$EnhancerBySpringCGLIB$$fedd08ce] is not eligible for getting processed by all BeanPostProcessors (for example: not eligible for auto-proxying)
2016-09-15 14:14:47.986  INFO 3496 --- [    Test worker] trationDelegate$BeanPostProcessorChecker : Bean 'org.springframework.scheduling.annotation.SchedulingConfiguration' of type [class org.springframework.scheduling.annotation.SchedulingConfiguration$$EnhancerBySpringCGLIB$$65cafb7b] is not eligible for getting processed by all BeanPostProcessors (for example: not eligible for auto-proxying)
2016-09-15 14:14:48.226  INFO 3496 --- [    Test worker] o.s.b.f.config.PropertiesFactoryBean     : Loading properties file from URL [jar:file:/Users/dasbapp/.gradle/caches/modules-2/files-2.1/org.springframework.integration/spring-integration-core/4.1.2.RELEASE/e8af369aeee0c788ee6a7109665d4f46cc1332ea/spring-integration-core-4.1.2.RELEASE.jar!/META-INF/spring.integration.default.properties]
2016-09-15 14:14:48.227  INFO 3496 --- [    Test worker] trationDelegate$BeanPostProcessorChecker : Bean 'integrationGlobalProperties' of type [class org.springframework.beans.factory.config.PropertiesFactoryBean] is not eligible for getting processed by all BeanPostProcessors (for example: not eligible for auto-proxying)
2016-09-15 14:14:48.233  INFO 3496 --- [    Test worker] trationDelegate$BeanPostProcessorChecker : Bean 'integrationGlobalProperties' of type [class java.util.Properties] is not eligible for getting processed by all BeanPostProcessors (for example: not eligible for auto-proxying)
2016-09-15 14:14:48.262  INFO 3496 --- [    Test worker] trationDelegate$BeanPostProcessorChecker : Bean 'messageBuilderFactory' of type [class org.springframework.integration.support.DefaultMessageBuilderFactory] is not eligible for getting processed by all BeanPostProcessors (for example: not eligible for auto-proxying)
2016-09-15 14:14:48.299  INFO 3496 --- [    Test worker] trationDelegate$BeanPostProcessorChecker : Bean '(inner bean)#3b2c8425' of type [class org.springframework.integration.channel.MessagePublishingErrorHandler] is not eligible for getting processed by all BeanPostProcessors (for example: not eligible for auto-proxying)
2016-09-15 14:14:48.301  INFO 3496 --- [    Test worker] o.s.s.c.ThreadPoolTaskScheduler          : Initializing ExecutorService  'taskScheduler'
2016-09-15 14:14:48.301  INFO 3496 --- [    Test worker] trationDelegate$BeanPostProcessorChecker : Bean 'taskScheduler' of type [class org.springframework.scheduling.concurrent.ThreadPoolTaskScheduler] is not eligible for getting processed by all BeanPostProcessors (for example: not eligible for auto-proxying)
2016-09-15 14:14:48.315  INFO 3496 --- [    Test worker] trationDelegate$BeanPostProcessorChecker : Bean 'integrationHeaderChannelRegistry' of type [class org.springframework.integration.channel.DefaultHeaderChannelRegistry] is not eligible for getting processed by all BeanPostProcessors (for example: not eligible for auto-proxying)
2016-09-15 14:14:48.345  INFO 3496 --- [    Test worker] trationDelegate$BeanPostProcessorChecker : Bean 'org.springframework.cloud.autoconfigure.RefreshAutoConfiguration$ConfigurationPropertiesRebinderConfiguration' of type [class org.springframework.cloud.autoconfigure.RefreshAutoConfiguration$ConfigurationPropertiesRebinderConfiguration$$EnhancerBySpringCGLIB$$e6786576] is not eligible for getting processed by all BeanPostProcessors (for example: not eligible for auto-proxying)
2016-09-15 14:14:48.470  INFO 3496 --- [    Test worker] o.s.s.concurrent.ThreadPoolTaskExecutor  : Initializing ExecutorService  'metricsExecutor'
2016-09-15 14:14:48.536  WARN 3496 --- [    Test worker] c.n.c.sources.URLConfigurationSource     : No URLs will be polled as dynamic configuration sources.
2016-09-15 14:14:48.536  INFO 3496 --- [    Test worker] c.n.c.sources.URLConfigurationSource     : To enable URLs as dynamic configuration sources, define System property archaius.configurationSource.additionalUrls or make config.properties available on classpath.
2016-09-15 14:14:48.543  INFO 3496 --- [    Test worker] c.netflix.config.DynamicPropertyFactory  : DynamicPropertyFactory is initialized with configuration sources: com.netflix.config.ConcurrentCompositeConfiguration@41c2a0d
2016-09-15 14:14:49.404  INFO 3496 --- [    Test worker] s.w.s.m.m.a.RequestMappingHandlerAdapter : Looking for @ControllerAdvice: org.springframework.web.context.support.GenericWebApplicationContext@421fd65f: startup date [Thu Sep 15 14:14:47 BST 2016]; parent: org.springframework.context.annotation.AnnotationConfigApplicationContext@6f6fdc70
2016-09-15 14:14:49.463  INFO 3496 --- [    Test worker] s.w.s.m.m.a.RequestMappingHandlerMapping : Mapped "{[/],methods=[],params=[],headers=[],consumes=[],produces=[],custom=[]}" onto public java.lang.String se.callista.microservices.composite.product.service.ProductCompositeService.getProduct()
2016-09-15 14:14:49.463  INFO 3496 --- [    Test worker] s.w.s.m.m.a.RequestMappingHandlerMapping : Mapped "{[/product/{productId}],methods=[],params=[],headers=[],consumes=[],produces=[],custom=[]}" onto public org.springframework.http.ResponseEntity<se.callista.microservices.composite.product.model.ProductAggregated> se.callista.microservices.composite.product.service.ProductCompositeService.getProduct(int)
2016-09-15 14:14:49.464  INFO 3496 --- [    Test worker] s.w.s.m.m.a.RequestMappingHandlerMapping : Mapped "{[/error],methods=[],params=[],headers=[],consumes=[],produces=[],custom=[]}" onto public org.springframework.http.ResponseEntity<java.util.Map<java.lang.String, java.lang.Object>> org.springframework.boot.autoconfigure.web.BasicErrorController.error(javax.servlet.http.HttpServletRequest)
2016-09-15 14:14:49.465  INFO 3496 --- [    Test worker] s.w.s.m.m.a.RequestMappingHandlerMapping : Mapped "{[/error],methods=[],params=[],headers=[],consumes=[],produces=[text/html],custom=[]}" onto public org.springframework.web.servlet.ModelAndView org.springframework.boot.autoconfigure.web.BasicErrorController.errorHtml(javax.servlet.http.HttpServletRequest)
2016-09-15 14:14:49.501  INFO 3496 --- [    Test worker] o.s.w.s.handler.SimpleUrlHandlerMapping  : Mapped URL path [/webjars/**] onto handler of type [class org.springframework.web.servlet.resource.ResourceHttpRequestHandler]
2016-09-15 14:14:49.501  INFO 3496 --- [    Test worker] o.s.w.s.handler.SimpleUrlHandlerMapping  : Mapped URL path [/**] onto handler of type [class org.springframework.web.servlet.resource.ResourceHttpRequestHandler]
2016-09-15 14:14:49.538  INFO 3496 --- [    Test worker] o.s.w.s.handler.SimpleUrlHandlerMapping  : Mapped URL path [/**/favicon.ico] onto handler of type [class org.springframework.web.servlet.resource.ResourceHttpRequestHandler]
2016-09-15 14:14:50.182  INFO 3496 --- [    Test worker] o.s.b.a.e.mvc.EndpointHandlerMapping     : Mapped "{[/env],methods=[POST],params=[],headers=[],consumes=[],produces=[],custom=[]}" onto public java.lang.Object org.springframework.cloud.context.environment.EnvironmentManagerMvcEndpoint.value(java.util.Map<java.lang.String, java.lang.String>)
2016-09-15 14:14:50.183  INFO 3496 --- [    Test worker] o.s.b.a.e.mvc.EndpointHandlerMapping     : Mapped "{[/env/reset],methods=[POST],params=[],headers=[],consumes=[],produces=[],custom=[]}" onto public java.util.Map<java.lang.String, java.lang.Object> org.springframework.cloud.context.environment.EnvironmentManagerMvcEndpoint.reset()
2016-09-15 14:14:50.183  INFO 3496 --- [    Test worker] o.s.b.a.e.mvc.EndpointHandlerMapping     : Mapped "{[/mappings],methods=[GET],params=[],headers=[],consumes=[],produces=[],custom=[]}" onto public java.lang.Object org.springframework.boot.actuate.endpoint.mvc.EndpointMvcAdapter.invoke()
2016-09-15 14:14:50.183  INFO 3496 --- [    Test worker] o.s.b.a.e.mvc.EndpointHandlerMapping     : Mapped "{[/refresh],methods=[POST],params=[],headers=[],consumes=[],produces=[],custom=[]}" onto public java.lang.Object org.springframework.cloud.endpoint.GenericPostableMvcEndpoint.invoke()
2016-09-15 14:14:50.184  INFO 3496 --- [    Test worker] o.s.b.a.e.mvc.EndpointHandlerMapping     : Mapped "{[/hystrix.stream/**],methods=[],params=[],headers=[],consumes=[],produces=[],custom=[]}" onto public org.springframework.web.servlet.ModelAndView org.springframework.cloud.netflix.endpoint.ServletWrappingEndpoint.handle(javax.servlet.http.HttpServletRequest,javax.servlet.http.HttpServletResponse) throws java.lang.Exception
2016-09-15 14:14:50.184  INFO 3496 --- [    Test worker] o.s.b.a.e.mvc.EndpointHandlerMapping     : Mapped "{[/configprops],methods=[GET],params=[],headers=[],consumes=[],produces=[],custom=[]}" onto public java.lang.Object org.springframework.boot.actuate.endpoint.mvc.EndpointMvcAdapter.invoke()
2016-09-15 14:14:50.184  INFO 3496 --- [    Test worker] o.s.b.a.e.mvc.EndpointHandlerMapping     : Mapped "{[/shutdown],methods=[POST],params=[],headers=[],consumes=[],produces=[],custom=[]}" onto public java.lang.Object org.springframework.boot.actuate.endpoint.mvc.ShutdownMvcEndpoint.invoke()
2016-09-15 14:14:50.185  INFO 3496 --- [    Test worker] o.s.b.a.e.mvc.EndpointHandlerMapping     : Mapped "{[/restart],methods=[POST],params=[],headers=[],consumes=[],produces=[],custom=[]}" onto public java.lang.Object org.springframework.cloud.context.restart.RestartMvcEndpoint.invoke()
2016-09-15 14:14:50.185  INFO 3496 --- [    Test worker] o.s.b.a.e.mvc.EndpointHandlerMapping     : Mapped "{[/archaius],methods=[GET],params=[],headers=[],consumes=[],produces=[],custom=[]}" onto public java.lang.Object org.springframework.boot.actuate.endpoint.mvc.EndpointMvcAdapter.invoke()
2016-09-15 14:14:50.185  INFO 3496 --- [    Test worker] o.s.b.a.e.mvc.EndpointHandlerMapping     : Mapped "{[/health],methods=[],params=[],headers=[],consumes=[],produces=[],custom=[]}" onto public java.lang.Object org.springframework.boot.actuate.endpoint.mvc.HealthMvcEndpoint.invoke(java.security.Principal)
2016-09-15 14:14:50.185  INFO 3496 --- [    Test worker] o.s.b.a.e.mvc.EndpointHandlerMapping     : Mapped "{[/env/{name:.*}],methods=[GET],params=[],headers=[],consumes=[],produces=[],custom=[]}" onto public java.lang.Object org.springframework.boot.actuate.endpoint.mvc.EnvironmentMvcEndpoint.value(java.lang.String)
2016-09-15 14:14:50.185  INFO 3496 --- [    Test worker] o.s.b.a.e.mvc.EndpointHandlerMapping     : Mapped "{[/env],methods=[GET],params=[],headers=[],consumes=[],produces=[],custom=[]}" onto public java.lang.Object org.springframework.boot.actuate.endpoint.mvc.EndpointMvcAdapter.invoke()
2016-09-15 14:14:50.186  INFO 3496 --- [    Test worker] o.s.b.a.e.mvc.EndpointHandlerMapping     : Mapped "{[/pause],methods=[POST],params=[],headers=[],consumes=[],produces=[],custom=[]}" onto public java.lang.Object org.springframework.cloud.endpoint.GenericPostableMvcEndpoint.invoke()
2016-09-15 14:14:50.186  INFO 3496 --- [    Test worker] o.s.b.a.e.mvc.EndpointHandlerMapping     : Mapped "{[/info],methods=[GET],params=[],headers=[],consumes=[],produces=[],custom=[]}" onto public java.lang.Object org.springframework.boot.actuate.endpoint.mvc.EndpointMvcAdapter.invoke()
2016-09-15 14:14:50.186  INFO 3496 --- [    Test worker] o.s.b.a.e.mvc.EndpointHandlerMapping     : Mapped "{[/resume],methods=[POST],params=[],headers=[],consumes=[],produces=[],custom=[]}" onto public java.lang.Object org.springframework.cloud.endpoint.GenericPostableMvcEndpoint.invoke()
2016-09-15 14:14:50.186  INFO 3496 --- [    Test worker] o.s.b.a.e.mvc.EndpointHandlerMapping     : Mapped "{[/trace],methods=[GET],params=[],headers=[],consumes=[],produces=[],custom=[]}" onto public java.lang.Object org.springframework.boot.actuate.endpoint.mvc.EndpointMvcAdapter.invoke()
2016-09-15 14:14:50.186  INFO 3496 --- [    Test worker] o.s.b.a.e.mvc.EndpointHandlerMapping     : Mapped "{[/metrics/{name:.*}],methods=[GET],params=[],headers=[],consumes=[],produces=[],custom=[]}" onto public java.lang.Object org.springframework.boot.actuate.endpoint.mvc.MetricsMvcEndpoint.value(java.lang.String)
2016-09-15 14:14:50.188  INFO 3496 --- [    Test worker] o.s.b.a.e.mvc.EndpointHandlerMapping     : Mapped "{[/metrics],methods=[GET],params=[],headers=[],consumes=[],produces=[],custom=[]}" onto public java.lang.Object org.springframework.boot.actuate.endpoint.mvc.EndpointMvcAdapter.invoke()
2016-09-15 14:14:50.188  INFO 3496 --- [    Test worker] o.s.b.a.e.mvc.EndpointHandlerMapping     : Mapped "{[/beans],methods=[GET],params=[],headers=[],consumes=[],produces=[],custom=[]}" onto public java.lang.Object org.springframework.boot.actuate.endpoint.mvc.EndpointMvcAdapter.invoke()
2016-09-15 14:14:50.188  INFO 3496 --- [    Test worker] o.s.b.a.e.mvc.EndpointHandlerMapping     : Mapped "{[/dump],methods=[GET],params=[],headers=[],consumes=[],produces=[],custom=[]}" onto public java.lang.Object org.springframework.boot.actuate.endpoint.mvc.EndpointMvcAdapter.invoke()
2016-09-15 14:14:50.188  INFO 3496 --- [    Test worker] o.s.b.a.e.mvc.EndpointHandlerMapping     : Mapped "{[/bus/refresh],methods=[POST],params=[],headers=[],consumes=[],produces=[],custom=[]}" onto public void org.springframework.cloud.bus.endpoint.RefreshBusEndpoint.refresh(java.lang.String)
2016-09-15 14:14:50.189  INFO 3496 --- [    Test worker] o.s.b.a.e.mvc.EndpointHandlerMapping     : Mapped "{[/autoconfig],methods=[GET],params=[],headers=[],consumes=[],produces=[],custom=[]}" onto public java.lang.Object org.springframework.boot.actuate.endpoint.mvc.EndpointMvcAdapter.invoke()
2016-09-15 14:14:50.189  INFO 3496 --- [    Test worker] o.s.b.a.e.mvc.EndpointHandlerMapping     : Mapped "{[/bus/env],methods=[POST],params=[],headers=[],consumes=[],produces=[],custom=[]}" onto public void org.springframework.cloud.bus.endpoint.EnvironmentBusEndpoint.env(java.util.Map<java.lang.String, java.lang.String>,java.lang.String)
2016-09-15 14:14:50.513  WARN 3496 --- [    Test worker] c.n.c.sources.URLConfigurationSource     : No URLs will be polled as dynamic configuration sources.
2016-09-15 14:14:50.513  INFO 3496 --- [    Test worker] c.n.c.sources.URLConfigurationSource     : To enable URLs as dynamic configuration sources, define System property archaius.configurationSource.additionalUrls or make config.properties available on classpath.
2016-09-15 14:14:50.559  INFO 3496 --- [    Test worker] ProxyFactoryBean$MethodInvocationGateway : started hystrixStreamChannel
2016-09-15 14:14:50.559  INFO 3496 --- [    Test worker] o.s.i.gateway.GatewayProxyFactoryBean    : started hystrixStreamChannel
2016-09-15 14:14:50.596  INFO 3496 --- [    Test worker] o.s.c.support.DefaultLifecycleProcessor  : Starting beans in phase -2147483648
2016-09-15 14:14:50.598  INFO 3496 --- [    Test worker] o.s.c.support.DefaultLifecycleProcessor  : Starting beans in phase 0
2016-09-15 14:14:50.598  INFO 3496 --- [    Test worker] o.s.i.endpoint.EventDrivenConsumer       : Adding {logging-channel-adapter:_org.springframework.integration.errorLogger} as a subscriber to the 'errorChannel' channel
2016-09-15 14:14:50.598  INFO 3496 --- [    Test worker] o.s.i.channel.PublishSubscribeChannel    : Channel 'productcomposite:-1.errorChannel' has 1 subscriber(s).
2016-09-15 14:14:50.598  INFO 3496 --- [    Test worker] o.s.i.endpoint.EventDrivenConsumer       : started _org.springframework.integration.errorLogger
2016-09-15 14:14:50.598  INFO 3496 --- [    Test worker] o.s.i.endpoint.EventDrivenConsumer       : Adding {filter} as a subscriber to the 'cloudBusOutboundFlow.channel#0' channel
2016-09-15 14:14:50.599  INFO 3496 --- [    Test worker] o.s.integration.channel.DirectChannel    : Channel 'productcomposite:-1.cloudBusOutboundFlow.channel#0' has 1 subscriber(s).
2016-09-15 14:14:50.599  INFO 3496 --- [    Test worker] o.s.i.endpoint.EventDrivenConsumer       : started org.springframework.integration.config.ConsumerEndpointFactoryBean#0
2016-09-15 14:14:50.599  INFO 3496 --- [    Test worker] o.s.i.endpoint.EventDrivenConsumer       : Adding {filter} as a subscriber to the 'cloudBusInboundChannel' channel
2016-09-15 14:14:50.599  INFO 3496 --- [    Test worker] o.s.integration.channel.DirectChannel    : Channel 'productcomposite:-1.cloudBusInboundChannel' has 1 subscriber(s).
2016-09-15 14:14:50.599  INFO 3496 --- [    Test worker] o.s.i.endpoint.EventDrivenConsumer       : started org.springframework.integration.config.ConsumerEndpointFactoryBean#1
2016-09-15 14:14:50.599  INFO 3496 --- [    Test worker] o.s.i.endpoint.EventDrivenConsumer       : Adding {message-handler} as a subscriber to the 'cloudBusInboundFlow.channel#0' channel
2016-09-15 14:14:50.599  INFO 3496 --- [    Test worker] o.s.integration.channel.DirectChannel    : Channel 'productcomposite:-1.cloudBusInboundFlow.channel#0' has 1 subscriber(s).
2016-09-15 14:14:50.599  INFO 3496 --- [    Test worker] o.s.i.endpoint.EventDrivenConsumer       : started org.springframework.integration.config.ConsumerEndpointFactoryBean#2
2016-09-15 14:14:50.599  INFO 3496 --- [    Test worker] o.s.i.endpoint.EventDrivenConsumer       : Adding {logging-channel-adapter} as a subscriber to the 'cloudBusWiretapChannel' channel
2016-09-15 14:14:50.599  INFO 3496 --- [    Test worker] o.s.integration.channel.DirectChannel    : Channel 'productcomposite:-1.cloudBusWiretapChannel' has 1 subscriber(s).
2016-09-15 14:14:50.599  INFO 3496 --- [    Test worker] o.s.i.endpoint.EventDrivenConsumer       : started org.springframework.integration.config.ConsumerEndpointFactoryBean#3
2016-09-15 14:14:50.599  INFO 3496 --- [    Test worker] o.s.i.endpoint.EventDrivenConsumer       : Adding {amqp:outbound-channel-adapter} as a subscriber to the 'cloudBusOutboundChannel' channel
2016-09-15 14:14:50.600  INFO 3496 --- [    Test worker] o.s.integration.channel.DirectChannel    : Channel 'productcomposite:-1.cloudBusOutboundChannel' has 1 subscriber(s).
2016-09-15 14:14:50.600  INFO 3496 --- [    Test worker] o.s.i.endpoint.EventDrivenConsumer       : started org.springframework.integration.config.ConsumerEndpointFactoryBean#4
2016-09-15 14:14:50.600  INFO 3496 --- [    Test worker] o.s.i.endpoint.EventDrivenConsumer       : Adding {bridge} as a subscriber to the 'cloudBusAmqpInboundFlow.channel#0' channel
2016-09-15 14:14:50.600  INFO 3496 --- [    Test worker] o.s.integration.channel.DirectChannel    : Channel 'productcomposite:-1.cloudBusAmqpInboundFlow.channel#0' has 1 subscriber(s).
2016-09-15 14:14:50.600  INFO 3496 --- [    Test worker] o.s.i.endpoint.EventDrivenConsumer       : started org.springframework.integration.config.ConsumerEndpointFactoryBean#5
2016-09-15 14:14:50.600  INFO 3496 --- [    Test worker] o.s.i.endpoint.EventDrivenConsumer       : Adding {amqp:outbound-channel-adapter} as a subscriber to the 'hystrixStream' channel
2016-09-15 14:14:50.600  INFO 3496 --- [    Test worker] o.s.integration.channel.DirectChannel    : Channel 'productcomposite:-1.hystrixStream' has 1 subscriber(s).
2016-09-15 14:14:50.600  INFO 3496 --- [    Test worker] o.s.i.endpoint.EventDrivenConsumer       : started org.springframework.integration.config.ConsumerEndpointFactoryBean#6
2016-09-15 14:14:50.600  INFO 3496 --- [    Test worker] o.s.c.support.DefaultLifecycleProcessor  : Starting beans in phase 1073741823
2016-09-15 14:14:50.600  INFO 3496 --- [    Test worker] ApplicationEventListeningMessageProducer : started org.springframework.integration.event.inbound.ApplicationEventListeningMessageProducer#0
2016-09-15 14:14:50.613  INFO 3496 --- [    Test worker] o.s.i.a.i.AmqpInboundChannelAdapter      : started org.springframework.integration.amqp.inbound.AmqpInboundChannelAdapter#0
2016-09-15 14:14:50.614  INFO 3496 --- [    Test worker] o.s.c.support.DefaultLifecycleProcessor  : Starting beans in phase 2147483647
2016-09-15 14:14:50.615  INFO 3496 --- [    Test worker] c.n.h.c.m.e.HystrixMetricsPoller         : Starting HystrixMetricsPoller
2016-09-15 14:14:50.626  INFO 3496 --- [    Test worker] ration$HystrixMetricsPollerConfiguration : Starting poller
2016-09-15 14:14:50.637  INFO 3496 --- [    Test worker] o.s.boot.SpringApplication               : Started application in 4.387 seconds (JVM running for 5.219)
]]></system-out>
  <system-err><![CDATA[]]></system-err>
</testsuite>
