<?xml version="1.0" encoding="UTF-8"?>
<testsuite name="se.callista.microservices.composite.product.ProductCompositeServiceApplicationTests" tests="1" skipped="0" failures="0" errors="0" timestamp="2016-09-16T16:14:25" hostname="UKLONML29A2FF" time="0.003">
  <properties/>
  <testcase name="contextLoads" classname="se.callista.microservices.composite.product.ProductCompositeServiceApplicationTests" time="0.003"/>
  <system-out><![CDATA[17:14:21.056 [Test worker] DEBUG o.s.t.c.j.SpringJUnit4ClassRunner - SpringJUnit4ClassRunner constructor called with [class se.callista.microservices.composite.product.ProductCompositeServiceApplicationTests].
17:14:21.064 [Test worker] DEBUG o.s.test.context.BootstrapUtils - Instantiating TestContextBootstrapper from class [org.springframework.test.context.web.WebTestContextBootstrapper]
17:14:21.078 [Test worker] DEBUG o.s.t.c.w.WebTestContextBootstrapper - Found explicit ContextLoader class [org.springframework.boot.test.SpringApplicationContextLoader] for context configuration attributes [ContextConfigurationAttributes@5be92090 declaringClass = 'se.callista.microservices.composite.product.ProductCompositeServiceApplicationTests', classes = '{class se.callista.microservices.composite.product.ProductCompositeServiceApplication}', locations = '{}', inheritLocations = true, initializers = '{}', inheritInitializers = true, name = [null], contextLoaderClass = 'org.springframework.boot.test.SpringApplicationContextLoader']
17:14:21.082 [Test worker] DEBUG o.s.t.c.support.ActiveProfilesUtils - Could not find an 'annotation declaring class' for annotation type [org.springframework.test.context.ActiveProfiles] and class [se.callista.microservices.composite.product.ProductCompositeServiceApplicationTests]
17:14:21.085 [Test worker] DEBUG o.s.t.c.w.WebTestContextBootstrapper - @TestExecutionListeners is not present for class [se.callista.microservices.composite.product.ProductCompositeServiceApplicationTests]: using defaults.
17:14:21.094 [Test worker] INFO  o.s.t.c.w.WebTestContextBootstrapper - Loaded default TestExecutionListener class names from location [META-INF/spring.factories]: [org.springframework.test.context.web.ServletTestExecutionListener, org.springframework.test.context.support.DependencyInjectionTestExecutionListener, org.springframework.test.context.support.DirtiesContextTestExecutionListener, org.springframework.test.context.transaction.TransactionalTestExecutionListener, org.springframework.test.context.jdbc.SqlScriptsTestExecutionListener]
17:14:21.118 [Test worker] INFO  o.s.t.c.w.WebTestContextBootstrapper - Using TestExecutionListeners: [org.springframework.test.context.web.ServletTestExecutionListener@258c5908, org.springframework.test.context.support.DependencyInjectionTestExecutionListener@6a674faa, org.springframework.test.context.support.DirtiesContextTestExecutionListener@5a22f69c, org.springframework.test.context.transaction.TransactionalTestExecutionListener@593c7508, org.springframework.test.context.jdbc.SqlScriptsTestExecutionListener@1e3f333e]
17:14:21.120 [Test worker] DEBUG o.s.t.annotation.ProfileValueUtils - Retrieved @ProfileValueSourceConfiguration [null] for test class [se.callista.microservices.composite.product.ProductCompositeServiceApplicationTests]
17:14:21.120 [Test worker] DEBUG o.s.t.annotation.ProfileValueUtils - Retrieved ProfileValueSource type [class org.springframework.test.annotation.SystemProfileValueSource] for class [se.callista.microservices.composite.product.ProductCompositeServiceApplicationTests]
17:14:21.122 [Test worker] DEBUG o.s.t.annotation.ProfileValueUtils - Retrieved @ProfileValueSourceConfiguration [null] for test class [se.callista.microservices.composite.product.ProductCompositeServiceApplicationTests]
17:14:21.122 [Test worker] DEBUG o.s.t.annotation.ProfileValueUtils - Retrieved ProfileValueSource type [class org.springframework.test.annotation.SystemProfileValueSource] for class [se.callista.microservices.composite.product.ProductCompositeServiceApplicationTests]
17:14:21.123 [Test worker] DEBUG o.s.t.annotation.ProfileValueUtils - Retrieved @ProfileValueSourceConfiguration [null] for test class [se.callista.microservices.composite.product.ProductCompositeServiceApplicationTests]
17:14:21.123 [Test worker] DEBUG o.s.t.annotation.ProfileValueUtils - Retrieved ProfileValueSource type [class org.springframework.test.annotation.SystemProfileValueSource] for class [se.callista.microservices.composite.product.ProductCompositeServiceApplicationTests]
17:14:21.124 [Test worker] DEBUG o.s.t.annotation.ProfileValueUtils - Retrieved @ProfileValueSourceConfiguration [null] for test class [se.callista.microservices.composite.product.ProductCompositeServiceApplicationTests]
17:14:21.124 [Test worker] DEBUG o.s.t.annotation.ProfileValueUtils - Retrieved ProfileValueSource type [class org.springframework.test.annotation.SystemProfileValueSource] for class [se.callista.microservices.composite.product.ProductCompositeServiceApplicationTests]
17:14:21.179 [Test worker] DEBUG o.s.core.env.StandardEnvironment - Adding [systemProperties] PropertySource with lowest search precedence
17:14:21.181 [Test worker] DEBUG o.s.core.env.StandardEnvironment - Adding [systemEnvironment] PropertySource with lowest search precedence
17:14:21.181 [Test worker] DEBUG o.s.core.env.StandardEnvironment - Initialized StandardEnvironment with PropertySources [systemProperties,systemEnvironment]
17:14:21.182 [Test worker] DEBUG o.s.core.env.StandardEnvironment - Adding [integrationTest] PropertySource with search precedence immediately lower than [systemEnvironment]
2016-09-16 17:14:21.423  INFO 6274 --- [    Test worker] o.s.boot.SpringApplication               : Starting application on UKLONML29A2FF with PID 6274 (/Users/dasbapp/.gradle/caches/modules-2/files-2.1/org.springframework.boot/spring-boot/1.2.2.RELEASE/c2495d6c08c742743366f50e25ad76f5dfcd9f75/spring-boot-1.2.2.RELEASE.jar started by dasbapp in /Users/dasbapp/.jenkins/workspace/jenkinsdemo2/microservices/composite/product-composite-service)
2016-09-16 17:14:21.472  INFO 6274 --- [    Test worker] s.c.a.AnnotationConfigApplicationContext : Refreshing org.springframework.context.annotation.AnnotationConfigApplicationContext@282e0359: startup date [Fri Sep 16 17:14:21 BST 2016]; root of context hierarchy
2016-09-16 17:14:21.590  INFO 6274 --- [    Test worker] f.a.AutowiredAnnotationBeanPostProcessor : JSR-330 'javax.inject.Inject' annotation found and supported for autowiring
2016-09-16 17:14:21.761  INFO 6274 --- [    Test worker] o.s.boot.SpringApplication               : Started application in 0.523 seconds (JVM running for 1.404)

  .   ____          _            __ _ _
 /\\ / ___'_ __ _ _(_)_ __  __ _ \ \ \ \
( ( )\___ | '_ | '_| | '_ \/ _` | \ \ \ \
 \\/  ___)| |_)| | | | | || (_| |  ) ) ) )
  '  |____| .__|_| |_|_| |_\__, | / / / /
 =========|_|==============|___/=/_/_/_/
 :: Spring Boot ::        (v1.2.2.RELEASE)

2016-09-16 17:14:22.055 ERROR 6274 --- [    Test worker] c.c.c.ConfigServicePropertySourceLocator : Could not locate PropertySource: I/O error on GET request for "http://localhost:8888/productcomposite/default/master":Connection refused; nested exception is java.net.ConnectException: Connection refused
2016-09-16 17:14:22.062  INFO 6274 --- [    Test worker] o.s.w.c.s.GenericWebApplicationContext   : Refreshing org.springframework.web.context.support.GenericWebApplicationContext@d0bec07: startup date [Fri Sep 16 17:14:22 BST 2016]; parent: org.springframework.context.annotation.AnnotationConfigApplicationContext@282e0359
2016-09-16 17:14:22.541  INFO 6274 --- [    Test worker] o.s.b.f.s.DefaultListableBeanFactory     : Overriding bean definition for bean 'beanNameViewResolver': replacing [Root bean: class [null]; scope=; abstract=false; lazyInit=false; autowireMode=3; dependencyCheck=0; autowireCandidate=true; primary=false; factoryBeanName=org.springframework.boot.autoconfigure.web.ErrorMvcAutoConfiguration$WhitelabelErrorViewConfiguration; factoryMethodName=beanNameViewResolver; initMethodName=null; destroyMethodName=(inferred); defined in class path resource [org/springframework/boot/autoconfigure/web/ErrorMvcAutoConfiguration$WhitelabelErrorViewConfiguration.class]] with [Root bean: class [null]; scope=; abstract=false; lazyInit=false; autowireMode=3; dependencyCheck=0; autowireCandidate=true; primary=false; factoryBeanName=org.springframework.boot.autoconfigure.web.WebMvcAutoConfiguration$WebMvcAutoConfigurationAdapter; factoryMethodName=beanNameViewResolver; initMethodName=null; destroyMethodName=(inferred); defined in class path resource [org/springframework/boot/autoconfigure/web/WebMvcAutoConfiguration$WebMvcAutoConfigurationAdapter.class]]
2016-09-16 17:14:22.596  INFO 6274 --- [    Test worker] o.s.b.f.config.PropertiesFactoryBean     : Loading properties file from URL [jar:file:/Users/dasbapp/.gradle/caches/modules-2/files-2.1/org.springframework.integration/spring-integration-core/4.1.2.RELEASE/e8af369aeee0c788ee6a7109665d4f46cc1332ea/spring-integration-core-4.1.2.RELEASE.jar!/META-INF/spring.integration.default.properties]
2016-09-16 17:14:22.599  INFO 6274 --- [    Test worker] o.s.i.config.IntegrationRegistrar        : No bean named 'integrationHeaderChannelRegistry' has been explicitly defined. Therefore, a default DefaultHeaderChannelRegistry will be created.
2016-09-16 17:14:22.610  INFO 6274 --- [    Test worker] o.s.b.f.s.DefaultListableBeanFactory     : Overriding bean definition for bean 'infoEndpoint': replacing [Root bean: class [null]; scope=; abstract=false; lazyInit=false; autowireMode=3; dependencyCheck=0; autowireCandidate=true; primary=false; factoryBeanName=org.springframework.boot.actuate.autoconfigure.EndpointAutoConfiguration; factoryMethodName=infoEndpoint; initMethodName=null; destroyMethodName=(inferred); defined in class path resource [org/springframework/boot/actuate/autoconfigure/EndpointAutoConfiguration.class]] with [Root bean: class [null]; scope=; abstract=false; lazyInit=false; autowireMode=3; dependencyCheck=0; autowireCandidate=true; primary=false; factoryBeanName=org.springframework.cloud.autoconfigure.RefreshAutoConfiguration$InfoEndpointRebinderConfiguration; factoryMethodName=infoEndpoint; initMethodName=null; destroyMethodName=(inferred); defined in class path resource [org/springframework/cloud/autoconfigure/RefreshAutoConfiguration$InfoEndpointRebinderConfiguration.class]]
2016-09-16 17:14:22.649  INFO 6274 --- [    Test worker] o.s.b.f.s.DefaultListableBeanFactory     : Overriding bean definition for bean 'default.null.RibbonClientSpecification': replacing [Generic bean: class [org.springframework.cloud.netflix.ribbon.RibbonClientSpecification]; scope=; abstract=false; lazyInit=false; autowireMode=0; dependencyCheck=0; autowireCandidate=true; primary=false; factoryBeanName=null; factoryMethodName=null; initMethodName=null; destroyMethodName=null] with [Generic bean: class [org.springframework.cloud.netflix.ribbon.RibbonClientSpecification]; scope=; abstract=false; lazyInit=false; autowireMode=0; dependencyCheck=0; autowireCandidate=true; primary=false; factoryBeanName=null; factoryMethodName=null; initMethodName=null; destroyMethodName=null]
2016-09-16 17:14:22.800  INFO 6274 --- [    Test worker] faultConfiguringBeanFactoryPostProcessor : No bean named 'errorChannel' has been explicitly defined. Therefore, a default PublishSubscribeChannel will be created.
2016-09-16 17:14:22.802  INFO 6274 --- [    Test worker] faultConfiguringBeanFactoryPostProcessor : No bean named 'taskScheduler' has been explicitly defined. Therefore, a default ThreadPoolTaskScheduler will be created.
2016-09-16 17:14:22.805  INFO 6274 --- [    Test worker] o.s.cloud.context.scope.GenericScope     : BeanFactory id=68ead65f-4735-39f8-b84c-1e736224742d
2016-09-16 17:14:22.811  INFO 6274 --- [    Test worker] f.a.AutowiredAnnotationBeanPostProcessor : JSR-330 'javax.inject.Inject' annotation found and supported for autowiring
2016-09-16 17:14:22.821  INFO 6274 --- [    Test worker] trationDelegate$BeanPostProcessorChecker : Bean 'org.springframework.amqp.rabbit.annotation.RabbitBootstrapConfiguration' of type [class org.springframework.amqp.rabbit.annotation.RabbitBootstrapConfiguration$$EnhancerBySpringCGLIB$$698be8e9] is not eligible for getting processed by all BeanPostProcessors (for example: not eligible for auto-proxying)
2016-09-16 17:14:22.854  INFO 6274 --- [    Test worker] trationDelegate$BeanPostProcessorChecker : Bean 'org.springframework.scheduling.annotation.SchedulingConfiguration' of type [class org.springframework.scheduling.annotation.SchedulingConfiguration$$EnhancerBySpringCGLIB$$d079db96] is not eligible for getting processed by all BeanPostProcessors (for example: not eligible for auto-proxying)
2016-09-16 17:14:23.106  INFO 6274 --- [    Test worker] o.s.b.f.config.PropertiesFactoryBean     : Loading properties file from URL [jar:file:/Users/dasbapp/.gradle/caches/modules-2/files-2.1/org.springframework.integration/spring-integration-core/4.1.2.RELEASE/e8af369aeee0c788ee6a7109665d4f46cc1332ea/spring-integration-core-4.1.2.RELEASE.jar!/META-INF/spring.integration.default.properties]
2016-09-16 17:14:23.106  INFO 6274 --- [    Test worker] trationDelegate$BeanPostProcessorChecker : Bean 'integrationGlobalProperties' of type [class org.springframework.beans.factory.config.PropertiesFactoryBean] is not eligible for getting processed by all BeanPostProcessors (for example: not eligible for auto-proxying)
2016-09-16 17:14:23.111  INFO 6274 --- [    Test worker] trationDelegate$BeanPostProcessorChecker : Bean 'integrationGlobalProperties' of type [class java.util.Properties] is not eligible for getting processed by all BeanPostProcessors (for example: not eligible for auto-proxying)
2016-09-16 17:14:23.136  INFO 6274 --- [    Test worker] trationDelegate$BeanPostProcessorChecker : Bean 'messageBuilderFactory' of type [class org.springframework.integration.support.DefaultMessageBuilderFactory] is not eligible for getting processed by all BeanPostProcessors (for example: not eligible for auto-proxying)
2016-09-16 17:14:23.171  INFO 6274 --- [    Test worker] trationDelegate$BeanPostProcessorChecker : Bean '(inner bean)#1665b4c8' of type [class org.springframework.integration.channel.MessagePublishingErrorHandler] is not eligible for getting processed by all BeanPostProcessors (for example: not eligible for auto-proxying)
2016-09-16 17:14:23.173  INFO 6274 --- [    Test worker] o.s.s.c.ThreadPoolTaskScheduler          : Initializing ExecutorService  'taskScheduler'
2016-09-16 17:14:23.174  INFO 6274 --- [    Test worker] trationDelegate$BeanPostProcessorChecker : Bean 'taskScheduler' of type [class org.springframework.scheduling.concurrent.ThreadPoolTaskScheduler] is not eligible for getting processed by all BeanPostProcessors (for example: not eligible for auto-proxying)
2016-09-16 17:14:23.188  INFO 6274 --- [    Test worker] trationDelegate$BeanPostProcessorChecker : Bean 'integrationHeaderChannelRegistry' of type [class org.springframework.integration.channel.DefaultHeaderChannelRegistry] is not eligible for getting processed by all BeanPostProcessors (for example: not eligible for auto-proxying)
2016-09-16 17:14:23.220  INFO 6274 --- [    Test worker] trationDelegate$BeanPostProcessorChecker : Bean 'org.springframework.cloud.autoconfigure.RefreshAutoConfiguration$ConfigurationPropertiesRebinderConfiguration' of type [class org.springframework.cloud.autoconfigure.RefreshAutoConfiguration$ConfigurationPropertiesRebinderConfiguration$$EnhancerBySpringCGLIB$$51274591] is not eligible for getting processed by all BeanPostProcessors (for example: not eligible for auto-proxying)
2016-09-16 17:14:23.344  INFO 6274 --- [    Test worker] o.s.s.concurrent.ThreadPoolTaskExecutor  : Initializing ExecutorService  'metricsExecutor'
2016-09-16 17:14:23.407  WARN 6274 --- [    Test worker] c.n.c.sources.URLConfigurationSource     : No URLs will be polled as dynamic configuration sources.
2016-09-16 17:14:23.407  INFO 6274 --- [    Test worker] c.n.c.sources.URLConfigurationSource     : To enable URLs as dynamic configuration sources, define System property archaius.configurationSource.additionalUrls or make config.properties available on classpath.
2016-09-16 17:14:23.413  INFO 6274 --- [    Test worker] c.netflix.config.DynamicPropertyFactory  : DynamicPropertyFactory is initialized with configuration sources: com.netflix.config.ConcurrentCompositeConfiguration@2e94a544
2016-09-16 17:14:24.251  INFO 6274 --- [    Test worker] s.w.s.m.m.a.RequestMappingHandlerAdapter : Looking for @ControllerAdvice: org.springframework.web.context.support.GenericWebApplicationContext@d0bec07: startup date [Fri Sep 16 17:14:22 BST 2016]; parent: org.springframework.context.annotation.AnnotationConfigApplicationContext@282e0359
2016-09-16 17:14:24.309  INFO 6274 --- [    Test worker] s.w.s.m.m.a.RequestMappingHandlerMapping : Mapped "{[/],methods=[],params=[],headers=[],consumes=[],produces=[],custom=[]}" onto public java.lang.String se.callista.microservices.composite.product.service.ProductCompositeService.getProduct()
2016-09-16 17:14:24.309  INFO 6274 --- [    Test worker] s.w.s.m.m.a.RequestMappingHandlerMapping : Mapped "{[/product/{productId}],methods=[],params=[],headers=[],consumes=[],produces=[],custom=[]}" onto public org.springframework.http.ResponseEntity<se.callista.microservices.composite.product.model.ProductAggregated> se.callista.microservices.composite.product.service.ProductCompositeService.getProduct(int)
2016-09-16 17:14:24.310  INFO 6274 --- [    Test worker] s.w.s.m.m.a.RequestMappingHandlerMapping : Mapped "{[/error],methods=[],params=[],headers=[],consumes=[],produces=[],custom=[]}" onto public org.springframework.http.ResponseEntity<java.util.Map<java.lang.String, java.lang.Object>> org.springframework.boot.autoconfigure.web.BasicErrorController.error(javax.servlet.http.HttpServletRequest)
2016-09-16 17:14:24.310  INFO 6274 --- [    Test worker] s.w.s.m.m.a.RequestMappingHandlerMapping : Mapped "{[/error],methods=[],params=[],headers=[],consumes=[],produces=[text/html],custom=[]}" onto public org.springframework.web.servlet.ModelAndView org.springframework.boot.autoconfigure.web.BasicErrorController.errorHtml(javax.servlet.http.HttpServletRequest)
2016-09-16 17:14:24.345  INFO 6274 --- [    Test worker] o.s.w.s.handler.SimpleUrlHandlerMapping  : Mapped URL path [/webjars/**] onto handler of type [class org.springframework.web.servlet.resource.ResourceHttpRequestHandler]
2016-09-16 17:14:24.346  INFO 6274 --- [    Test worker] o.s.w.s.handler.SimpleUrlHandlerMapping  : Mapped URL path [/**] onto handler of type [class org.springframework.web.servlet.resource.ResourceHttpRequestHandler]
2016-09-16 17:14:24.381  INFO 6274 --- [    Test worker] o.s.w.s.handler.SimpleUrlHandlerMapping  : Mapped URL path [/**/favicon.ico] onto handler of type [class org.springframework.web.servlet.resource.ResourceHttpRequestHandler]
2016-09-16 17:14:25.067  INFO 6274 --- [    Test worker] o.s.b.a.e.mvc.EndpointHandlerMapping     : Mapped "{[/bus/refresh],methods=[POST],params=[],headers=[],consumes=[],produces=[],custom=[]}" onto public void org.springframework.cloud.bus.endpoint.RefreshBusEndpoint.refresh(java.lang.String)
2016-09-16 17:14:25.067  INFO 6274 --- [    Test worker] o.s.b.a.e.mvc.EndpointHandlerMapping     : Mapped "{[/archaius],methods=[GET],params=[],headers=[],consumes=[],produces=[],custom=[]}" onto public java.lang.Object org.springframework.boot.actuate.endpoint.mvc.EndpointMvcAdapter.invoke()
2016-09-16 17:14:25.068  INFO 6274 --- [    Test worker] o.s.b.a.e.mvc.EndpointHandlerMapping     : Mapped "{[/resume],methods=[POST],params=[],headers=[],consumes=[],produces=[],custom=[]}" onto public java.lang.Object org.springframework.cloud.endpoint.GenericPostableMvcEndpoint.invoke()
2016-09-16 17:14:25.068  INFO 6274 --- [    Test worker] o.s.b.a.e.mvc.EndpointHandlerMapping     : Mapped "{[/health],methods=[],params=[],headers=[],consumes=[],produces=[],custom=[]}" onto public java.lang.Object org.springframework.boot.actuate.endpoint.mvc.HealthMvcEndpoint.invoke(java.security.Principal)
2016-09-16 17:14:25.068  INFO 6274 --- [    Test worker] o.s.b.a.e.mvc.EndpointHandlerMapping     : Mapped "{[/shutdown],methods=[POST],params=[],headers=[],consumes=[],produces=[],custom=[]}" onto public java.lang.Object org.springframework.boot.actuate.endpoint.mvc.ShutdownMvcEndpoint.invoke()
2016-09-16 17:14:25.069  INFO 6274 --- [    Test worker] o.s.b.a.e.mvc.EndpointHandlerMapping     : Mapped "{[/refresh],methods=[POST],params=[],headers=[],consumes=[],produces=[],custom=[]}" onto public java.lang.Object org.springframework.cloud.endpoint.GenericPostableMvcEndpoint.invoke()
2016-09-16 17:14:25.069  INFO 6274 --- [    Test worker] o.s.b.a.e.mvc.EndpointHandlerMapping     : Mapped "{[/env],methods=[POST],params=[],headers=[],consumes=[],produces=[],custom=[]}" onto public java.lang.Object org.springframework.cloud.context.environment.EnvironmentManagerMvcEndpoint.value(java.util.Map<java.lang.String, java.lang.String>)
2016-09-16 17:14:25.069  INFO 6274 --- [    Test worker] o.s.b.a.e.mvc.EndpointHandlerMapping     : Mapped "{[/env/reset],methods=[POST],params=[],headers=[],consumes=[],produces=[],custom=[]}" onto public java.util.Map<java.lang.String, java.lang.Object> org.springframework.cloud.context.environment.EnvironmentManagerMvcEndpoint.reset()
2016-09-16 17:14:25.070  INFO 6274 --- [    Test worker] o.s.b.a.e.mvc.EndpointHandlerMapping     : Mapped "{[/bus/env],methods=[POST],params=[],headers=[],consumes=[],produces=[],custom=[]}" onto public void org.springframework.cloud.bus.endpoint.EnvironmentBusEndpoint.env(java.util.Map<java.lang.String, java.lang.String>,java.lang.String)
2016-09-16 17:14:25.070  INFO 6274 --- [    Test worker] o.s.b.a.e.mvc.EndpointHandlerMapping     : Mapped "{[/info],methods=[GET],params=[],headers=[],consumes=[],produces=[],custom=[]}" onto public java.lang.Object org.springframework.boot.actuate.endpoint.mvc.EndpointMvcAdapter.invoke()
2016-09-16 17:14:25.070  INFO 6274 --- [    Test worker] o.s.b.a.e.mvc.EndpointHandlerMapping     : Mapped "{[/hystrix.stream/**],methods=[],params=[],headers=[],consumes=[],produces=[],custom=[]}" onto public org.springframework.web.servlet.ModelAndView org.springframework.cloud.netflix.endpoint.ServletWrappingEndpoint.handle(javax.servlet.http.HttpServletRequest,javax.servlet.http.HttpServletResponse) throws java.lang.Exception
2016-09-16 17:14:25.070  INFO 6274 --- [    Test worker] o.s.b.a.e.mvc.EndpointHandlerMapping     : Mapped "{[/env/{name:.*}],methods=[GET],params=[],headers=[],consumes=[],produces=[],custom=[]}" onto public java.lang.Object org.springframework.boot.actuate.endpoint.mvc.EnvironmentMvcEndpoint.value(java.lang.String)
2016-09-16 17:14:25.070  INFO 6274 --- [    Test worker] o.s.b.a.e.mvc.EndpointHandlerMapping     : Mapped "{[/env],methods=[GET],params=[],headers=[],consumes=[],produces=[],custom=[]}" onto public java.lang.Object org.springframework.boot.actuate.endpoint.mvc.EndpointMvcAdapter.invoke()
2016-09-16 17:14:25.071  INFO 6274 --- [    Test worker] o.s.b.a.e.mvc.EndpointHandlerMapping     : Mapped "{[/metrics/{name:.*}],methods=[GET],params=[],headers=[],consumes=[],produces=[],custom=[]}" onto public java.lang.Object org.springframework.boot.actuate.endpoint.mvc.MetricsMvcEndpoint.value(java.lang.String)
2016-09-16 17:14:25.071  INFO 6274 --- [    Test worker] o.s.b.a.e.mvc.EndpointHandlerMapping     : Mapped "{[/metrics],methods=[GET],params=[],headers=[],consumes=[],produces=[],custom=[]}" onto public java.lang.Object org.springframework.boot.actuate.endpoint.mvc.EndpointMvcAdapter.invoke()
2016-09-16 17:14:25.071  INFO 6274 --- [    Test worker] o.s.b.a.e.mvc.EndpointHandlerMapping     : Mapped "{[/dump],methods=[GET],params=[],headers=[],consumes=[],produces=[],custom=[]}" onto public java.lang.Object org.springframework.boot.actuate.endpoint.mvc.EndpointMvcAdapter.invoke()
2016-09-16 17:14:25.071  INFO 6274 --- [    Test worker] o.s.b.a.e.mvc.EndpointHandlerMapping     : Mapped "{[/beans],methods=[GET],params=[],headers=[],consumes=[],produces=[],custom=[]}" onto public java.lang.Object org.springframework.boot.actuate.endpoint.mvc.EndpointMvcAdapter.invoke()
2016-09-16 17:14:25.072  INFO 6274 --- [    Test worker] o.s.b.a.e.mvc.EndpointHandlerMapping     : Mapped "{[/autoconfig],methods=[GET],params=[],headers=[],consumes=[],produces=[],custom=[]}" onto public java.lang.Object org.springframework.boot.actuate.endpoint.mvc.EndpointMvcAdapter.invoke()
2016-09-16 17:14:25.073  INFO 6274 --- [    Test worker] o.s.b.a.e.mvc.EndpointHandlerMapping     : Mapped "{[/pause],methods=[POST],params=[],headers=[],consumes=[],produces=[],custom=[]}" onto public java.lang.Object org.springframework.cloud.endpoint.GenericPostableMvcEndpoint.invoke()
2016-09-16 17:14:25.073  INFO 6274 --- [    Test worker] o.s.b.a.e.mvc.EndpointHandlerMapping     : Mapped "{[/mappings],methods=[GET],params=[],headers=[],consumes=[],produces=[],custom=[]}" onto public java.lang.Object org.springframework.boot.actuate.endpoint.mvc.EndpointMvcAdapter.invoke()
2016-09-16 17:14:25.073  INFO 6274 --- [    Test worker] o.s.b.a.e.mvc.EndpointHandlerMapping     : Mapped "{[/restart],methods=[POST],params=[],headers=[],consumes=[],produces=[],custom=[]}" onto public java.lang.Object org.springframework.cloud.context.restart.RestartMvcEndpoint.invoke()
2016-09-16 17:14:25.074  INFO 6274 --- [    Test worker] o.s.b.a.e.mvc.EndpointHandlerMapping     : Mapped "{[/configprops],methods=[GET],params=[],headers=[],consumes=[],produces=[],custom=[]}" onto public java.lang.Object org.springframework.boot.actuate.endpoint.mvc.EndpointMvcAdapter.invoke()
2016-09-16 17:14:25.074  INFO 6274 --- [    Test worker] o.s.b.a.e.mvc.EndpointHandlerMapping     : Mapped "{[/trace],methods=[GET],params=[],headers=[],consumes=[],produces=[],custom=[]}" onto public java.lang.Object org.springframework.boot.actuate.endpoint.mvc.EndpointMvcAdapter.invoke()
2016-09-16 17:14:25.411  WARN 6274 --- [    Test worker] c.n.c.sources.URLConfigurationSource     : No URLs will be polled as dynamic configuration sources.
2016-09-16 17:14:25.412  INFO 6274 --- [    Test worker] c.n.c.sources.URLConfigurationSource     : To enable URLs as dynamic configuration sources, define System property archaius.configurationSource.additionalUrls or make config.properties available on classpath.
2016-09-16 17:14:25.504  INFO 6274 --- [    Test worker] ProxyFactoryBean$MethodInvocationGateway : started hystrixStreamChannel
2016-09-16 17:14:25.505  INFO 6274 --- [    Test worker] o.s.i.gateway.GatewayProxyFactoryBean    : started hystrixStreamChannel
2016-09-16 17:14:25.540  INFO 6274 --- [    Test worker] o.s.c.support.DefaultLifecycleProcessor  : Starting beans in phase -2147483648
2016-09-16 17:14:25.541  INFO 6274 --- [    Test worker] o.s.c.support.DefaultLifecycleProcessor  : Starting beans in phase 0
2016-09-16 17:14:25.542  INFO 6274 --- [    Test worker] o.s.i.endpoint.EventDrivenConsumer       : Adding {logging-channel-adapter:_org.springframework.integration.errorLogger} as a subscriber to the 'errorChannel' channel
2016-09-16 17:14:25.542  INFO 6274 --- [    Test worker] o.s.i.channel.PublishSubscribeChannel    : Channel 'productcomposite:-1.errorChannel' has 1 subscriber(s).
2016-09-16 17:14:25.542  INFO 6274 --- [    Test worker] o.s.i.endpoint.EventDrivenConsumer       : started _org.springframework.integration.errorLogger
2016-09-16 17:14:25.542  INFO 6274 --- [    Test worker] o.s.i.endpoint.EventDrivenConsumer       : Adding {filter} as a subscriber to the 'cloudBusOutboundFlow.channel#0' channel
2016-09-16 17:14:25.542  INFO 6274 --- [    Test worker] o.s.integration.channel.DirectChannel    : Channel 'productcomposite:-1.cloudBusOutboundFlow.channel#0' has 1 subscriber(s).
2016-09-16 17:14:25.542  INFO 6274 --- [    Test worker] o.s.i.endpoint.EventDrivenConsumer       : started org.springframework.integration.config.ConsumerEndpointFactoryBean#0
2016-09-16 17:14:25.542  INFO 6274 --- [    Test worker] o.s.i.endpoint.EventDrivenConsumer       : Adding {filter} as a subscriber to the 'cloudBusInboundChannel' channel
2016-09-16 17:14:25.542  INFO 6274 --- [    Test worker] o.s.integration.channel.DirectChannel    : Channel 'productcomposite:-1.cloudBusInboundChannel' has 1 subscriber(s).
2016-09-16 17:14:25.542  INFO 6274 --- [    Test worker] o.s.i.endpoint.EventDrivenConsumer       : started org.springframework.integration.config.ConsumerEndpointFactoryBean#1
2016-09-16 17:14:25.543  INFO 6274 --- [    Test worker] o.s.i.endpoint.EventDrivenConsumer       : Adding {message-handler} as a subscriber to the 'cloudBusInboundFlow.channel#0' channel
2016-09-16 17:14:25.543  INFO 6274 --- [    Test worker] o.s.integration.channel.DirectChannel    : Channel 'productcomposite:-1.cloudBusInboundFlow.channel#0' has 1 subscriber(s).
2016-09-16 17:14:25.543  INFO 6274 --- [    Test worker] o.s.i.endpoint.EventDrivenConsumer       : started org.springframework.integration.config.ConsumerEndpointFactoryBean#2
2016-09-16 17:14:25.543  INFO 6274 --- [    Test worker] o.s.i.endpoint.EventDrivenConsumer       : Adding {logging-channel-adapter} as a subscriber to the 'cloudBusWiretapChannel' channel
2016-09-16 17:14:25.543  INFO 6274 --- [    Test worker] o.s.integration.channel.DirectChannel    : Channel 'productcomposite:-1.cloudBusWiretapChannel' has 1 subscriber(s).
2016-09-16 17:14:25.543  INFO 6274 --- [    Test worker] o.s.i.endpoint.EventDrivenConsumer       : started org.springframework.integration.config.ConsumerEndpointFactoryBean#3
2016-09-16 17:14:25.543  INFO 6274 --- [    Test worker] o.s.i.endpoint.EventDrivenConsumer       : Adding {amqp:outbound-channel-adapter} as a subscriber to the 'cloudBusOutboundChannel' channel
2016-09-16 17:14:25.543  INFO 6274 --- [    Test worker] o.s.integration.channel.DirectChannel    : Channel 'productcomposite:-1.cloudBusOutboundChannel' has 1 subscriber(s).
2016-09-16 17:14:25.543  INFO 6274 --- [    Test worker] o.s.i.endpoint.EventDrivenConsumer       : started org.springframework.integration.config.ConsumerEndpointFactoryBean#4
2016-09-16 17:14:25.543  INFO 6274 --- [    Test worker] o.s.i.endpoint.EventDrivenConsumer       : Adding {bridge} as a subscriber to the 'cloudBusAmqpInboundFlow.channel#0' channel
2016-09-16 17:14:25.543  INFO 6274 --- [    Test worker] o.s.integration.channel.DirectChannel    : Channel 'productcomposite:-1.cloudBusAmqpInboundFlow.channel#0' has 1 subscriber(s).
2016-09-16 17:14:25.544  INFO 6274 --- [    Test worker] o.s.i.endpoint.EventDrivenConsumer       : started org.springframework.integration.config.ConsumerEndpointFactoryBean#5
2016-09-16 17:14:25.544  INFO 6274 --- [    Test worker] o.s.i.endpoint.EventDrivenConsumer       : Adding {amqp:outbound-channel-adapter} as a subscriber to the 'hystrixStream' channel
2016-09-16 17:14:25.544  INFO 6274 --- [    Test worker] o.s.integration.channel.DirectChannel    : Channel 'productcomposite:-1.hystrixStream' has 1 subscriber(s).
2016-09-16 17:14:25.544  INFO 6274 --- [    Test worker] o.s.i.endpoint.EventDrivenConsumer       : started org.springframework.integration.config.ConsumerEndpointFactoryBean#6
2016-09-16 17:14:25.544  INFO 6274 --- [    Test worker] o.s.c.support.DefaultLifecycleProcessor  : Starting beans in phase 1073741823
2016-09-16 17:14:25.544  INFO 6274 --- [    Test worker] ApplicationEventListeningMessageProducer : started org.springframework.integration.event.inbound.ApplicationEventListeningMessageProducer#0
2016-09-16 17:14:25.558  INFO 6274 --- [    Test worker] o.s.i.a.i.AmqpInboundChannelAdapter      : started org.springframework.integration.amqp.inbound.AmqpInboundChannelAdapter#0
2016-09-16 17:14:25.558  INFO 6274 --- [    Test worker] o.s.c.support.DefaultLifecycleProcessor  : Starting beans in phase 2147483647
2016-09-16 17:14:25.559  INFO 6274 --- [    Test worker] c.n.h.c.m.e.HystrixMetricsPoller         : Starting HystrixMetricsPoller
2016-09-16 17:14:25.577  INFO 6274 --- [    Test worker] ration$HystrixMetricsPollerConfiguration : Starting poller
2016-09-16 17:14:25.587  INFO 6274 --- [    Test worker] o.s.boot.SpringApplication               : Started application in 4.396 seconds (JVM running for 5.23)
]]></system-out>
  <system-err><![CDATA[]]></system-err>
</testsuite>
